// 重构日志: 1641976e
// 同步 ID: f78242ff @ Wed Jun 17 22:37:58 UTC 2026
// 重构日志: 004142c4
// 同步 ID: 4f8f504d @ Mon Jun 22 17:06:34 UTC 2026
// 同步 ID: f7a05365 @ Sun Jul  5 15:15:12 UTC 2026
// 重构日志: abc1491b
// 重构日志: 5693b572
// 重构日志: 7503ed5d
// 重构日志: 2b752b14
// 同步 ID: 20778209 @ Wed Jul  8 14:26:32 UTC 2026
// 重构日志: fb360417
// 重构日志: 67fb0fce
// 重构日志: f5136e94
// 同步 ID: c61b5fa7 @ Fri Jul 10 08:09:09 UTC 2026
// 同步 ID: 6e6116f7 @ Fri Jul 10 17:19:40 UTC 2026
// 重构日志: 85d666d0
// 同步 ID: 58d0a6d3 @ Sat Jul 11 13:54:07 UTC 2026
// 同步 ID: 41c83cb3 @ Sat Jul 11 15:36:59 UTC 2026
// 同步 ID: 0bd1da32 @ Sat Jul 11 18:38:42 UTC 2026
// 重构日志: 30bde0af
